[0m19:10:01.946654 [debug] [MainThread]: Sending event: {'category': 'dbt', 'action': 'invocation', 'label': 'start', 'context': [<snowplow_tracker.self_describing_json.SelfDescribingJson object at 0x754c8cf131c0>, <snowplow_tracker.self_describing_json.SelfDescribingJson object at 0x754c8b419b10>, <snowplow_tracker.self_describing_json.SelfDescribingJson object at 0x754c8b419ab0>]}


============================== 19:10:01.950697 | 52190001-b98e-4881-92ed-d611d868a66d ==============================
[0m19:10:01.950697 [info ] [MainThread]: Running with dbt=1.8.8
[0m19:10:01.951410 [debug] [MainThread]: running dbt with arguments {'printer_width': '80', 'indirect_selection': 'eager', 'write_json': 'True', 'log_cache_events': 'False', 'partial_parse': 'True', 'cache_selected_only': 'False', 'profiles_dir': '/home/icanooo/.dbt', 'version_check': 'True', 'warn_error': 'None', 'log_path': 'logs', 'debug': 'False', 'fail_fast': 'False', 'use_colors': 'True', 'use_experimental_parser': 'False', 'no_print': 'None', 'quiet': 'False', 'empty': 'None', 'log_format': 'default', 'invocation_command': 'dbt init', 'introspect': 'True', 'static_parser': 'True', 'target_path': 'None', 'warn_error_options': 'WarnErrorOptions(include=[], exclude=[])', 'send_anonymous_usage_stats': 'True'}
[0m19:10:13.899257 [debug] [MainThread]: Starter project path: /home/icanooo/.local/lib/python3.10/site-packages/dbt/include/starter_project
[0m19:10:13.911377 [info ] [MainThread]: 
Your new dbt project "airbnb_euskadi" was created!

For more information on how to configure the profiles.yml file,
please consult the dbt documentation here:

  https://docs.getdbt.com/docs/configure-your-profile

One more thing:

Need help? Don't hesitate to reach out to us via GitHub issues or on Slack:

  https://community.getdbt.com/

Happy modeling!

[0m19:10:13.913331 [info ] [MainThread]: Setting up your profile.
[0m19:13:30.873629 [info ] [MainThread]: Profile airbnb_euskadi written to /home/icanooo/.dbt/profiles.yml using target's profile_template.yml and your supplied values. Run 'dbt debug' to validate the connection.
[0m19:13:30.876765 [debug] [MainThread]: Resource report: {"command_name": "init", "command_success": true, "command_wall_clock_time": 209.00706, "process_user_time": 2.630131, "process_kernel_time": 0.186583, "process_mem_max_rss": "216092", "process_in_blocks": "6552", "process_out_blocks": "80"}
[0m19:13:30.880055 [debug] [MainThread]: Command `dbt init` succeeded at 19:13:30.879362 after 209.01 seconds
[0m19:13:30.882625 [debug] [MainThread]: Sending event: {'category': 'dbt', 'action': 'invocation', 'label': 'end', 'context': [<snowplow_tracker.self_describing_json.SelfDescribingJson object at 0x754c8cf131c0>, <snowplow_tracker.self_describing_json.SelfDescribingJson object at 0x754c8b419c30>, <snowplow_tracker.self_describing_json.SelfDescribingJson object at 0x754c8b419a50>]}
[0m19:13:30.884987 [debug] [MainThread]: Flushing usage events
[0m19:35:09.253168 [debug] [MainThread]: Sending event: {'category': 'dbt', 'action': 'invocation', 'label': 'start', 'context': [<snowplow_tracker.self_describing_json.SelfDescribingJson object at 0x7c0ba1857100>, <snowplow_tracker.self_describing_json.SelfDescribingJson object at 0x7c0b9feada50>, <snowplow_tracker.self_describing_json.SelfDescribingJson object at 0x7c0b9fead9f0>]}


============================== 19:35:09.257344 | 8ee0f7cf-f44a-4cf2-8806-15d03f1ebdbe ==============================
[0m19:35:09.257344 [info ] [MainThread]: Running with dbt=1.8.8
[0m19:35:09.258221 [debug] [MainThread]: running dbt with arguments {'printer_width': '80', 'indirect_selection': 'eager', 'write_json': 'True', 'log_cache_events': 'False', 'partial_parse': 'True', 'cache_selected_only': 'False', 'warn_error': 'None', 'fail_fast': 'False', 'debug': 'False', 'log_path': 'logs', 'profiles_dir': '/home/icanooo/.dbt', 'version_check': 'True', 'use_colors': 'True', 'use_experimental_parser': 'False', 'empty': 'None', 'quiet': 'False', 'no_print': 'None', 'warn_error_options': 'WarnErrorOptions(include=[], exclude=[])', 'static_parser': 'True', 'invocation_command': 'dbt debug', 'introspect': 'True', 'target_path': 'None', 'log_format': 'default', 'send_anonymous_usage_stats': 'True'}
[0m19:35:09.275369 [info ] [MainThread]: dbt version: 1.8.8
[0m19:35:09.276508 [info ] [MainThread]: python version: 3.10.12
[0m19:35:09.277034 [info ] [MainThread]: python path: /usr/bin/python3
[0m19:35:09.277592 [info ] [MainThread]: os info: Linux-6.8.0-48-generic-x86_64-with-glibc2.35
[0m19:35:11.193042 [info ] [MainThread]: Error importing adapter: No module named 'dbt.adapters.snowflake'
[0m19:35:11.194122 [info ] [MainThread]: Using profiles dir at /home/icanooo/.dbt
[0m19:35:11.194676 [info ] [MainThread]: Using profiles.yml file at /home/icanooo/.dbt/profiles.yml
[0m19:35:11.195179 [info ] [MainThread]: Using dbt_project.yml file at /home/icanooo/Desktop/DE/dbt_modelling/dbt_project.yml
[0m19:35:11.195723 [info ] [MainThread]: Configuration:
[0m19:35:11.196210 [info ] [MainThread]:   profiles.yml file [[31mERROR invalid[0m]
[0m19:35:11.196871 [info ] [MainThread]:   dbt_project.yml file [[31mERROR not found[0m]
[0m19:35:11.197438 [info ] [MainThread]: Required dependencies:
[0m19:35:11.198001 [debug] [MainThread]: Executing "git --help"
[0m19:35:11.200265 [debug] [MainThread]: STDOUT: "b"usage: git [--version] [--help] [-C <path>] [-c <name>=<value>]\n           [--exec-path[=<path>]] [--html-path] [--man-path] [--info-path]\n           [-p | --paginate | -P | --no-pager] [--no-replace-objects] [--bare]\n           [--git-dir=<path>] [--work-tree=<path>] [--namespace=<name>]\n           [--super-prefix=<path>] [--config-env=<name>=<envvar>]\n           <command> [<args>]\n\nThese are common Git commands used in various situations:\n\nstart a working area (see also: git help tutorial)\n   clone     Clone a repository into a new directory\n   init      Create an empty Git repository or reinitialize an existing one\n\nwork on the current change (see also: git help everyday)\n   add       Add file contents to the index\n   mv        Move or rename a file, a directory, or a symlink\n   restore   Restore working tree files\n   rm        Remove files from the working tree and from the index\n\nexamine the history and state (see also: git help revisions)\n   bisect    Use binary search to find the commit that introduced a bug\n   diff      Show changes between commits, commit and working tree, etc\n   grep      Print lines matching a pattern\n   log       Show commit logs\n   show      Show various types of objects\n   status    Show the working tree status\n\ngrow, mark and tweak your common history\n   branch    List, create, or delete branches\n   commit    Record changes to the repository\n   merge     Join two or more development histories together\n   rebase    Reapply commits on top of another base tip\n   reset     Reset current HEAD to the specified state\n   switch    Switch branches\n   tag       Create, list, delete or verify a tag object signed with GPG\n\ncollaborate (see also: git help workflows)\n   fetch     Download objects and refs from another repository\n   pull      Fetch from and integrate with another repository or a local branch\n   push      Update remote refs along with associated objects\n\n'git help -a' and 'git help -g' list available subcommands and some\nconcept guides. See 'git help <command>' or 'git help <concept>'\nto read about a specific subcommand or concept.\nSee 'git help git' for an overview of the system.\n""
[0m19:35:11.201163 [debug] [MainThread]: STDERR: "b''"
[0m19:35:11.201650 [info ] [MainThread]:  - git [[32mOK found[0m]

[0m19:35:11.202267 [info ] [MainThread]: Connection test skipped since no profile was found
[0m19:35:11.202965 [info ] [MainThread]: [31m2 checks failed:[0m
[0m19:35:11.203493 [info ] [MainThread]: Could not load dbt_project.yml
Profile loading failed for the following reason:
Runtime Error
  Credentials in profile "dbtlearn", target "dev" invalid: Runtime Error
    Could not find adapter type snowflake!


[0m19:35:11.203982 [info ] [MainThread]: Project loading failed for the following reason:
 project path </home/icanooo/Desktop/DE/dbt_modelling/dbt_project.yml> not found

[0m19:35:11.204683 [debug] [MainThread]: Resource report: {"command_name": "debug", "command_wall_clock_time": 2.0445676, "process_user_time": 3.163539, "process_kernel_time": 0.358268, "process_mem_max_rss": "216480", "process_in_blocks": "171160", "process_out_blocks": "24", "command_success": false}
[0m19:35:11.205562 [debug] [MainThread]: Command `dbt debug` failed at 19:35:11.205382 after 2.05 seconds
[0m19:35:11.206142 [debug] [MainThread]: Sending event: {'category': 'dbt', 'action': 'invocation', 'label': 'end', 'context': [<snowplow_tracker.self_describing_json.SelfDescribingJson object at 0x7c0ba1857100>, <snowplow_tracker.self_describing_json.SelfDescribingJson object at 0x7c0b9fead9f0>, <snowplow_tracker.self_describing_json.SelfDescribingJson object at 0x7c0b9feb9120>]}
[0m19:35:11.206754 [debug] [MainThread]: Flushing usage events
